Tue Oct 29 21:20:22 CET 2019 : Apache Derby Network Server - 10.14.2.0 - (1828579) started and ready to accept connections on port 1527
----------------------------------------------------------------
Tue Oct 29 21:20:22 CET 2019:
Booting Derby version The Apache Software Foundation - Apache Derby - 10.14.2.0 - (1828579): instance a816c00e-016e-192d-1d74-00002a1e468c 
on database directory C:\Users\Hux4l\Documents\NetBeansProjects\Alfa\Alfa with class loader jdk.internal.loader.ClassLoaders$AppClassLoader@4e0e2f2a 
Loaded from file:/C:/Users/Hux4l/GlassFish_Server/javadb/lib/derby.jar
java.vendor=Oracle Corporation
java.runtime.version=13.0.1+9
user.dir=C:\Users\Hux4l\GlassFish_Server\javadb
os.name=Windows 10
os.arch=amd64
os.version=10.0
derby.system.home=C:\Users\Hux4l\Documents\NetBeansProjects\Alfa
Database Class Loader started - derby.database.classpath=''
----------------------------------------------------------------
Tue Oct 29 22:39:25 CET 2019:
Booting Derby version The Apache Software Foundation - Apache Derby - 10.14.2.0 - (1828579): instance b5a2c0d3-016e-192d-1d74-00002a1e468c 
on database directory C:\Users\Hux4l\Documents\NetBeansProjects\Alfa\data with class loader jdk.internal.loader.ClassLoaders$AppClassLoader@4e0e2f2a 
Loaded from file:/C:/Users/Hux4l/GlassFish_Server/javadb/lib/derby.jar
java.vendor=Oracle Corporation
java.runtime.version=13.0.1+9
user.dir=C:\Users\Hux4l\GlassFish_Server\javadb
os.name=Windows 10
os.arch=amd64
os.version=10.0
derby.system.home=C:\Users\Hux4l\Documents\NetBeansProjects\Alfa
Database Class Loader started - derby.database.classpath=''
----------------------------------------------------------------
Tue Oct 29 22:39:59 CET 2019:
Shutting down instance b5a2c0d3-016e-192d-1d74-00002a1e468c on database directory C:\Users\Hux4l\Documents\NetBeansProjects\Alfa\data with class loader jdk.internal.loader.ClassLoaders$AppClassLoader@4e0e2f2a 
Tue Oct 29 22:39:59 CET 2019 Thread[DRDAConnThread_3,5,main] (DATABASE = data), (DRDAID = {4}), Database 'data' shutdown.
----------------------------------------------------------------
Tue Oct 29 22:40:02 CET 2019:
Shutting down instance a816c00e-016e-192d-1d74-00002a1e468c on database directory C:\Users\Hux4l\Documents\NetBeansProjects\Alfa\Alfa with class loader jdk.internal.loader.ClassLoaders$AppClassLoader@4e0e2f2a 
Tue Oct 29 22:40:02 CET 2019 Thread[DRDAConnThread_3,5,main] (DATABASE = Alfa), (DRDAID = {5}), Database 'Alfa' shutdown.
----------------------------------------------------------------
Tue Oct 29 22:41:49 CET 2019:
Booting Derby version The Apache Software Foundation - Apache Derby - 10.14.2.0 - (1828579): instance e93ac16e-016e-192d-1d74-00002a1e468c 
on database directory C:\Users\Hux4l\Documents\NetBeansProjects\Alfa\Alfa with class loader jdk.internal.loader.ClassLoaders$AppClassLoader@4e0e2f2a 
Loaded from file:/C:/Users/Hux4l/GlassFish_Server/javadb/lib/derby.jar
java.vendor=Oracle Corporation
java.runtime.version=13.0.1+9
user.dir=C:\Users\Hux4l\GlassFish_Server\javadb
os.name=Windows 10
os.arch=amd64
os.version=10.0
derby.system.home=C:\Users\Hux4l\Documents\NetBeansProjects\Alfa
Database Class Loader started - derby.database.classpath=''
----------------------------------------------------------------
Tue Oct 29 22:47:35 CET 2019:
Shutting down instance e93ac16e-016e-192d-1d74-00002a1e468c on database directory C:\Users\Hux4l\Documents\NetBeansProjects\Alfa\Alfa with class loader jdk.internal.loader.ClassLoaders$AppClassLoader@4e0e2f2a 
Tue Oct 29 22:47:35 CET 2019 Thread[DRDAConnThread_2,5,main] (DATABASE = Alfa), (DRDAID = {8}), Database 'Alfa' shutdown.
